2024-06-05 01:56:16.084+0000 INFO  Logging config in use: Embedded default config 'default-user-logs.xml'
2024-06-05 01:56:16.095+0000 WARN  Use of deprecated setting 'dbms.memory.pagecache.size'. It is replaced by 'server.memory.pagecache.size'.
2024-06-05 01:56:16.096+0000 WARN  Use of deprecated setting 'dbms.memory.heap.max_size'. It is replaced by 'server.memory.heap.max_size'.
2024-06-05 01:56:16.100+0000 INFO  Starting...
2024-06-05 01:56:17.979+0000 INFO  This instance is ServerId{5dd239fc} (5dd239fc-1190-4b45-ad44-15b028f0f444)
2024-06-05 01:56:20.520+0000 INFO  ======== Neo4j 5.20.0 ========
2024-06-05 01:56:27.340+0000 INFO  Anonymous Usage Data is being sent to Neo4j, see https://neo4j.com/docs/usage_data/
2024-06-05 01:56:27.430+0000 INFO  Bolt enabled on 0.0.0.0:7687.
2024-06-05 01:56:28.714+0000 INFO  HTTP enabled on 0.0.0.0:7474.
2024-06-05 01:56:28.716+0000 INFO  Remote interface available at http://localhost:7474/
2024-06-05 01:56:28.726+0000 INFO  id: AC10C90D66396ABC440CC2300B81163041CF0DCC8890AADDB6A0273B84F85394
2024-06-05 01:56:28.737+0000 INFO  name: system
2024-06-05 01:56:28.741+0000 INFO  creationDate: 2024-06-05T01:56:22.871Z
2024-06-05 01:56:28.750+0000 INFO  Started.
2024-06-05 03:33:03.874+0000 INFO  Neo4j Server shutdown initiated by request
2024-06-05 03:33:03.957+0000 INFO  Stopping...
2024-06-05 03:33:11.077+0000 INFO  Stopped.
2024-06-07 07:09:25.813+0000 INFO  Logging config in use: Embedded default config 'default-user-logs.xml'
2024-06-07 07:09:25.824+0000 WARN  Use of deprecated setting 'dbms.memory.pagecache.size'. It is replaced by 'server.memory.pagecache.size'.
2024-06-07 07:09:25.825+0000 WARN  Use of deprecated setting 'dbms.memory.heap.max_size'. It is replaced by 'server.memory.heap.max_size'.
2024-06-07 07:09:25.828+0000 INFO  Starting...
2024-06-07 07:09:27.388+0000 INFO  This instance is ServerId{5dd239fc} (5dd239fc-1190-4b45-ad44-15b028f0f444)
2024-06-07 07:09:29.487+0000 INFO  ======== Neo4j 5.20.0 ========
2024-06-07 07:09:33.519+0000 INFO  Anonymous Usage Data is being sent to Neo4j, see https://neo4j.com/docs/usage_data/
2024-06-07 07:09:33.562+0000 INFO  Bolt enabled on 0.0.0.0:7687.
2024-06-07 07:09:34.404+0000 INFO  HTTP enabled on 0.0.0.0:7474.
2024-06-07 07:09:34.405+0000 INFO  Remote interface available at http://localhost:7474/
2024-06-07 07:09:34.409+0000 INFO  id: AC10C90D66396ABC440CC2300B81163041CF0DCC8890AADDB6A0273B84F85394
2024-06-07 07:09:34.410+0000 INFO  name: system
2024-06-07 07:09:34.410+0000 INFO  creationDate: 2024-06-05T01:56:22.871Z
2024-06-07 07:09:34.411+0000 INFO  Started.
2024-06-07 07:11:27.939+0000 INFO  Neo4j Server shutdown initiated by request
2024-06-07 07:11:27.940+0000 INFO  Stopping...
2024-06-07 07:11:33.641+0000 INFO  Stopped.
2024-06-07 07:12:22.517+0000 INFO  Logging config in use: Embedded default config 'default-user-logs.xml'
2024-06-07 07:12:22.527+0000 WARN  Use of deprecated setting 'dbms.memory.pagecache.size'. It is replaced by 'server.memory.pagecache.size'.
2024-06-07 07:12:22.530+0000 WARN  Use of deprecated setting 'dbms.memory.heap.max_size'. It is replaced by 'server.memory.heap.max_size'.
2024-06-07 07:12:22.537+0000 INFO  Starting...
2024-06-07 07:12:24.732+0000 INFO  This instance is ServerId{5dd239fc} (5dd239fc-1190-4b45-ad44-15b028f0f444)
2024-06-07 07:12:26.618+0000 INFO  ======== Neo4j 5.20.0 ========
2024-06-07 07:12:30.514+0000 INFO  Anonymous Usage Data is being sent to Neo4j, see https://neo4j.com/docs/usage_data/
2024-06-07 07:12:30.554+0000 INFO  Bolt enabled on 0.0.0.0:7687.
2024-06-07 07:12:31.613+0000 INFO  HTTP enabled on 0.0.0.0:7474.
2024-06-07 07:12:31.616+0000 INFO  Remote interface available at http://localhost:7474/
2024-06-07 07:12:31.622+0000 INFO  id: AC10C90D66396ABC440CC2300B81163041CF0DCC8890AADDB6A0273B84F85394
2024-06-07 07:12:31.624+0000 INFO  name: system
2024-06-07 07:12:31.625+0000 INFO  creationDate: 2024-06-05T01:56:22.871Z
2024-06-07 07:12:31.626+0000 INFO  Started.
2024-06-07 07:20:19.849+0000 INFO  Neo4j Server shutdown initiated by request
2024-06-07 07:20:19.859+0000 INFO  Stopping...
2024-06-07 07:20:25.665+0000 INFO  Stopped.
2024-06-07 07:29:56.272+0000 INFO  Logging config in use: Embedded default config 'default-user-logs.xml'
2024-06-07 07:29:56.293+0000 WARN  Use of deprecated setting 'dbms.memory.pagecache.size'. It is replaced by 'server.memory.pagecache.size'.
2024-06-07 07:29:56.298+0000 WARN  Use of deprecated setting 'dbms.memory.heap.max_size'. It is replaced by 'server.memory.heap.max_size'.
2024-06-07 07:29:56.307+0000 INFO  Starting...
2024-06-07 07:30:00.093+0000 INFO  This instance is ServerId{5dd239fc} (5dd239fc-1190-4b45-ad44-15b028f0f444)
2024-06-07 07:30:04.360+0000 INFO  ======== Neo4j 5.20.0 ========
2024-06-07 07:30:15.948+0000 INFO  Anonymous Usage Data is being sent to Neo4j, see https://neo4j.com/docs/usage_data/
2024-06-07 07:30:16.087+0000 INFO  Bolt enabled on 0.0.0.0:7687.
2024-06-07 07:30:18.099+0000 INFO  HTTP enabled on 0.0.0.0:7474.
2024-06-07 07:30:18.132+0000 INFO  Remote interface available at http://localhost:7474/
2024-06-07 07:30:18.139+0000 INFO  id: AC10C90D66396ABC440CC2300B81163041CF0DCC8890AADDB6A0273B84F85394
2024-06-07 07:30:18.148+0000 INFO  name: system
2024-06-07 07:30:18.162+0000 INFO  creationDate: 2024-06-05T01:56:22.871Z
2024-06-07 07:30:18.166+0000 INFO  Started.
2024-06-07 08:03:51.142+0000 INFO  Neo4j Server shutdown initiated by request
2024-06-07 08:03:51.167+0000 INFO  Stopping...
2024-06-07 08:03:56.822+0000 INFO  Stopped.
2024-06-07 08:06:50.292+0000 INFO  Logging config in use: Embedded default config 'default-user-logs.xml'
2024-06-07 08:06:50.306+0000 WARN  Use of deprecated setting 'dbms.memory.pagecache.size'. It is replaced by 'server.memory.pagecache.size'.
2024-06-07 08:06:50.308+0000 WARN  Use of deprecated setting 'dbms.memory.heap.max_size'. It is replaced by 'server.memory.heap.max_size'.
2024-06-07 08:06:50.313+0000 INFO  Starting...
2024-06-07 08:06:52.285+0000 INFO  This instance is ServerId{5dd239fc} (5dd239fc-1190-4b45-ad44-15b028f0f444)
2024-06-07 08:06:54.266+0000 INFO  ======== Neo4j 5.20.0 ========
2024-06-07 08:07:06.164+0000 INFO  Anonymous Usage Data is being sent to Neo4j, see https://neo4j.com/docs/usage_data/
2024-06-07 08:07:06.339+0000 INFO  Bolt enabled on 0.0.0.0:7687.
2024-06-07 08:07:09.056+0000 INFO  HTTP enabled on 0.0.0.0:7474.
2024-06-07 08:07:09.058+0000 INFO  Remote interface available at http://localhost:7474/
2024-06-07 08:07:09.063+0000 INFO  id: AC10C90D66396ABC440CC2300B81163041CF0DCC8890AADDB6A0273B84F85394
2024-06-07 08:07:09.065+0000 INFO  name: system
2024-06-07 08:07:09.066+0000 INFO  creationDate: 2024-06-05T01:56:22.871Z
2024-06-07 08:07:09.067+0000 INFO  Started.
2024-06-07 09:28:58.602+0000 INFO  Neo4j Server shutdown initiated by request
2024-06-07 09:28:58.702+0000 INFO  Stopping...
2024-06-07 09:29:05.316+0000 INFO  Stopped.
2024-06-07 09:30:48.673+0000 INFO  Logging config in use: Embedded default config 'default-user-logs.xml'
2024-06-07 09:30:48.708+0000 WARN  Use of deprecated setting 'dbms.memory.pagecache.size'. It is replaced by 'server.memory.pagecache.size'.
2024-06-07 09:30:48.714+0000 WARN  Use of deprecated setting 'dbms.memory.heap.max_size'. It is replaced by 'server.memory.heap.max_size'.
2024-06-07 09:30:48.758+0000 INFO  Starting...
2024-06-07 09:30:55.689+0000 INFO  This instance is ServerId{5dd239fc} (5dd239fc-1190-4b45-ad44-15b028f0f444)
2024-06-07 09:31:00.390+0000 INFO  ======== Neo4j 5.20.0 ========
2024-06-07 09:31:05.654+0000 INFO  Anonymous Usage Data is being sent to Neo4j, see https://neo4j.com/docs/usage_data/
2024-06-07 09:31:05.732+0000 INFO  Bolt enabled on 0.0.0.0:7687.
2024-06-07 09:31:08.152+0000 INFO  HTTP enabled on 0.0.0.0:7474.
2024-06-07 09:31:08.153+0000 INFO  Remote interface available at http://localhost:7474/
2024-06-07 09:31:08.167+0000 INFO  id: AC10C90D66396ABC440CC2300B81163041CF0DCC8890AADDB6A0273B84F85394
2024-06-07 09:31:08.168+0000 INFO  name: system
2024-06-07 09:31:08.169+0000 INFO  creationDate: 2024-06-05T01:56:22.871Z
2024-06-07 09:31:08.170+0000 INFO  Started.
2024-06-07 09:34:55.158+0000 INFO  Neo4j Server shutdown initiated by request
2024-06-07 09:34:55.160+0000 INFO  Stopping...
2024-06-07 09:35:01.317+0000 INFO  Stopped.
2024-06-07 09:35:59.180+0000 INFO  Logging config in use: Embedded default config 'default-user-logs.xml'
2024-06-07 09:35:59.189+0000 WARN  Use of deprecated setting 'dbms.memory.pagecache.size'. It is replaced by 'server.memory.pagecache.size'.
2024-06-07 09:35:59.190+0000 WARN  Use of deprecated setting 'dbms.memory.heap.max_size'. It is replaced by 'server.memory.heap.max_size'.
2024-06-07 09:35:59.195+0000 INFO  Starting...
2024-06-07 09:36:00.942+0000 INFO  This instance is ServerId{5dd239fc} (5dd239fc-1190-4b45-ad44-15b028f0f444)
2024-06-07 09:36:02.679+0000 INFO  ======== Neo4j 5.20.0 ========
2024-06-07 09:36:06.587+0000 INFO  Anonymous Usage Data is being sent to Neo4j, see https://neo4j.com/docs/usage_data/
2024-06-07 09:36:06.649+0000 INFO  Bolt enabled on 0.0.0.0:7687.
2024-06-07 09:36:07.572+0000 INFO  HTTP enabled on 0.0.0.0:7474.
2024-06-07 09:36:07.576+0000 INFO  Remote interface available at http://localhost:7474/
2024-06-07 09:36:07.581+0000 INFO  id: AC10C90D66396ABC440CC2300B81163041CF0DCC8890AADDB6A0273B84F85394
2024-06-07 09:36:07.582+0000 INFO  name: system
2024-06-07 09:36:07.584+0000 INFO  creationDate: 2024-06-05T01:56:22.871Z
2024-06-07 09:36:07.585+0000 INFO  Started.
2024-06-07 09:38:49.908+0000 INFO  Neo4j Server shutdown initiated by request
2024-06-07 09:38:49.909+0000 INFO  Stopping...
2024-06-07 09:38:55.583+0000 INFO  Stopped.
2024-06-07 10:04:44.124+0000 INFO  Logging config in use: Embedded default config 'default-user-logs.xml'
2024-06-07 10:04:44.133+0000 WARN  Use of deprecated setting 'dbms.memory.pagecache.size'. It is replaced by 'server.memory.pagecache.size'.
2024-06-07 10:04:44.134+0000 WARN  Use of deprecated setting 'dbms.memory.heap.max_size'. It is replaced by 'server.memory.heap.max_size'.
2024-06-07 10:04:44.140+0000 INFO  Starting...
2024-06-07 10:04:46.234+0000 INFO  This instance is ServerId{5dd239fc} (5dd239fc-1190-4b45-ad44-15b028f0f444)
2024-06-07 10:04:49.142+0000 INFO  ======== Neo4j 5.20.0 ========
2024-06-07 10:04:53.796+0000 INFO  Anonymous Usage Data is being sent to Neo4j, see https://neo4j.com/docs/usage_data/
2024-06-07 10:04:53.883+0000 INFO  Bolt enabled on 0.0.0.0:7687.
2024-06-07 10:04:54.976+0000 INFO  HTTP enabled on 0.0.0.0:7474.
2024-06-07 10:04:54.978+0000 INFO  Remote interface available at http://localhost:7474/
2024-06-07 10:04:54.983+0000 INFO  id: AC10C90D66396ABC440CC2300B81163041CF0DCC8890AADDB6A0273B84F85394
2024-06-07 10:04:54.984+0000 INFO  name: system
2024-06-07 10:04:54.985+0000 INFO  creationDate: 2024-06-05T01:56:22.871Z
2024-06-07 10:04:54.986+0000 INFO  Started.
2024-06-07 10:08:07.380+0000 INFO  Neo4j Server shutdown initiated by request
2024-06-07 10:08:07.381+0000 INFO  Stopping...
2024-06-07 10:08:13.197+0000 INFO  Stopped.
2024-06-07 11:57:06.638+0000 INFO  Logging config in use: Embedded default config 'default-user-logs.xml'
2024-06-07 11:57:06.715+0000 WARN  Use of deprecated setting 'dbms.memory.pagecache.size'. It is replaced by 'server.memory.pagecache.size'.
2024-06-07 11:57:06.722+0000 WARN  Use of deprecated setting 'dbms.memory.heap.max_size'. It is replaced by 'server.memory.heap.max_size'.
2024-06-07 11:57:06.758+0000 INFO  Starting...
2024-06-07 11:57:12.943+0000 INFO  This instance is ServerId{5dd239fc} (5dd239fc-1190-4b45-ad44-15b028f0f444)
2024-06-07 11:57:17.423+0000 INFO  ======== Neo4j 5.20.0 ========
2024-06-07 11:57:24.849+0000 INFO  Anonymous Usage Data is being sent to Neo4j, see https://neo4j.com/docs/usage_data/
2024-06-07 11:57:24.915+0000 INFO  Bolt enabled on 0.0.0.0:7687.
2024-06-07 11:57:26.192+0000 INFO  HTTP enabled on 0.0.0.0:7474.
2024-06-07 11:57:26.194+0000 INFO  Remote interface available at http://localhost:7474/
2024-06-07 11:57:26.198+0000 INFO  id: AC10C90D66396ABC440CC2300B81163041CF0DCC8890AADDB6A0273B84F85394
2024-06-07 11:57:26.200+0000 INFO  name: system
2024-06-07 11:57:26.201+0000 INFO  creationDate: 2024-06-05T01:56:22.871Z
2024-06-07 11:57:26.202+0000 INFO  Started.
2024-06-07 12:22:55.565+0000 INFO  Neo4j Server shutdown initiated by request
2024-06-07 12:22:55.569+0000 INFO  Stopping...
2024-06-07 12:23:01.340+0000 INFO  Stopped.
2024-06-08 02:54:03.365+0000 INFO  Logging config in use: Embedded default config 'default-user-logs.xml'
2024-06-08 02:54:03.373+0000 WARN  Use of deprecated setting 'dbms.memory.pagecache.size'. It is replaced by 'server.memory.pagecache.size'.
2024-06-08 02:54:03.374+0000 WARN  Use of deprecated setting 'dbms.memory.heap.max_size'. It is replaced by 'server.memory.heap.max_size'.
2024-06-08 02:54:03.376+0000 INFO  Starting...
2024-06-08 02:54:04.566+0000 INFO  This instance is ServerId{5dd239fc} (5dd239fc-1190-4b45-ad44-15b028f0f444)
2024-06-08 02:54:06.245+0000 INFO  ======== Neo4j 5.20.0 ========
2024-06-08 02:54:11.302+0000 INFO  Anonymous Usage Data is being sent to Neo4j, see https://neo4j.com/docs/usage_data/
2024-06-08 02:54:11.368+0000 INFO  Bolt enabled on 0.0.0.0:7687.
2024-06-08 02:54:12.857+0000 INFO  HTTP enabled on 0.0.0.0:7474.
2024-06-08 02:54:12.860+0000 INFO  Remote interface available at http://localhost:7474/
2024-06-08 02:54:12.869+0000 INFO  id: AC10C90D66396ABC440CC2300B81163041CF0DCC8890AADDB6A0273B84F85394
2024-06-08 02:54:12.871+0000 INFO  name: system
2024-06-08 02:54:12.872+0000 INFO  creationDate: 2024-06-05T01:56:22.871Z
2024-06-08 02:54:12.874+0000 INFO  Started.
2024-06-08 02:54:23.372+0000 INFO  Neo4j Server shutdown initiated by request
2024-06-08 02:54:23.373+0000 INFO  Stopping...
2024-06-08 02:54:28.971+0000 INFO  Stopped.
2024-06-08 02:55:17.496+0000 INFO  Logging config in use: Embedded default config 'default-user-logs.xml'
2024-06-08 02:55:17.529+0000 WARN  Use of deprecated setting 'dbms.memory.pagecache.size'. It is replaced by 'server.memory.pagecache.size'.
2024-06-08 02:55:17.533+0000 WARN  Use of deprecated setting 'dbms.memory.heap.max_size'. It is replaced by 'server.memory.heap.max_size'.
2024-06-08 02:55:17.538+0000 INFO  Starting...
2024-06-08 02:55:18.977+0000 INFO  This instance is ServerId{5dd239fc} (5dd239fc-1190-4b45-ad44-15b028f0f444)
2024-06-08 02:55:20.462+0000 INFO  ======== Neo4j 5.20.0 ========
2024-06-08 02:55:23.960+0000 INFO  Anonymous Usage Data is being sent to Neo4j, see https://neo4j.com/docs/usage_data/
2024-06-08 02:55:23.998+0000 INFO  Bolt enabled on 0.0.0.0:7687.
2024-06-08 02:55:24.749+0000 INFO  HTTP enabled on 0.0.0.0:7474.
2024-06-08 02:55:24.751+0000 INFO  Remote interface available at http://localhost:7474/
2024-06-08 02:55:24.756+0000 INFO  id: AC10C90D66396ABC440CC2300B81163041CF0DCC8890AADDB6A0273B84F85394
2024-06-08 02:55:24.757+0000 INFO  name: system
2024-06-08 02:55:24.758+0000 INFO  creationDate: 2024-06-05T01:56:22.871Z
2024-06-08 02:55:24.759+0000 INFO  Started.
2024-06-08 03:02:58.374+0000 INFO  Neo4j Server shutdown initiated by request
2024-06-08 03:02:58.379+0000 INFO  Stopping...
2024-06-08 03:03:33.845+0000 INFO  Logging config in use: Embedded default config 'default-user-logs.xml'
2024-06-08 03:03:33.885+0000 WARN  Use of deprecated setting 'dbms.memory.pagecache.size'. It is replaced by 'server.memory.pagecache.size'.
2024-06-08 03:03:33.889+0000 WARN  Use of deprecated setting 'dbms.memory.heap.max_size'. It is replaced by 'server.memory.heap.max_size'.
2024-06-08 03:03:33.904+0000 INFO  Starting...
2024-06-08 03:03:36.831+0000 INFO  This instance is ServerId{5dd239fc} (5dd239fc-1190-4b45-ad44-15b028f0f444)
2024-06-08 03:03:39.811+0000 INFO  ======== Neo4j 5.20.0 ========
2024-06-08 03:03:45.341+0000 INFO  Anonymous Usage Data is being sent to Neo4j, see https://neo4j.com/docs/usage_data/
2024-06-08 03:03:45.408+0000 INFO  Bolt enabled on 0.0.0.0:7687.
2024-06-08 03:03:46.652+0000 INFO  HTTP enabled on 0.0.0.0:7474.
2024-06-08 03:03:46.653+0000 INFO  Remote interface available at http://localhost:7474/
2024-06-08 03:03:46.658+0000 INFO  id: AC10C90D66396ABC440CC2300B81163041CF0DCC8890AADDB6A0273B84F85394
2024-06-08 03:03:46.659+0000 INFO  name: system
2024-06-08 03:03:46.661+0000 INFO  creationDate: 2024-06-05T01:56:22.871Z
2024-06-08 03:03:46.663+0000 INFO  Started.
2024-06-08 04:24:37.487+0000 INFO  Logging config in use: Embedded default config 'default-user-logs.xml'
2024-06-08 04:24:37.495+0000 WARN  Use of deprecated setting 'dbms.memory.pagecache.size'. It is replaced by 'server.memory.pagecache.size'.
2024-06-08 04:24:37.496+0000 WARN  Use of deprecated setting 'dbms.memory.heap.max_size'. It is replaced by 'server.memory.heap.max_size'.
2024-06-08 04:24:37.500+0000 INFO  Starting...
2024-06-08 04:24:38.977+0000 INFO  This instance is ServerId{5dd239fc} (5dd239fc-1190-4b45-ad44-15b028f0f444)
2024-06-08 04:24:41.378+0000 INFO  ======== Neo4j 5.20.0 ========
2024-06-08 04:24:47.046+0000 INFO  Anonymous Usage Data is being sent to Neo4j, see https://neo4j.com/docs/usage_data/
2024-06-08 04:24:47.129+0000 INFO  Bolt enabled on 0.0.0.0:7687.
2024-06-08 04:24:48.951+0000 INFO  HTTP enabled on 0.0.0.0:7474.
2024-06-08 04:24:48.954+0000 INFO  Remote interface available at http://localhost:7474/
2024-06-08 04:24:48.961+0000 INFO  id: AC10C90D66396ABC440CC2300B81163041CF0DCC8890AADDB6A0273B84F85394
2024-06-08 04:24:48.962+0000 INFO  name: system
2024-06-08 04:24:48.963+0000 INFO  creationDate: 2024-06-05T01:56:22.871Z
2024-06-08 04:24:48.963+0000 INFO  Started.
2024-06-08 04:25:21.784+0000 INFO  Neo4j Server shutdown initiated by request
2024-06-08 04:25:21.785+0000 INFO  Stopping...
2024-06-08 04:25:27.329+0000 INFO  Stopped.
2024-06-08 04:27:21.670+0000 INFO  Logging config in use: Embedded default config 'default-user-logs.xml'
2024-06-08 04:27:21.683+0000 WARN  Use of deprecated setting 'dbms.memory.pagecache.size'. It is replaced by 'server.memory.pagecache.size'.
2024-06-08 04:27:21.684+0000 WARN  Use of deprecated setting 'dbms.memory.heap.max_size'. It is replaced by 'server.memory.heap.max_size'.
2024-06-08 04:27:21.690+0000 INFO  Starting...
2024-06-08 04:27:24.188+0000 INFO  This instance is ServerId{5dd239fc} (5dd239fc-1190-4b45-ad44-15b028f0f444)
2024-06-08 04:27:26.949+0000 INFO  ======== Neo4j 5.20.0 ========
2024-06-08 04:27:37.665+0000 INFO  Anonymous Usage Data is being sent to Neo4j, see https://neo4j.com/docs/usage_data/
2024-06-08 04:27:37.769+0000 INFO  Bolt enabled on 0.0.0.0:7687.
2024-06-08 04:27:40.384+0000 INFO  HTTP enabled on 0.0.0.0:7474.
2024-06-08 04:27:40.387+0000 INFO  Remote interface available at http://localhost:7474/
2024-06-08 04:27:40.427+0000 INFO  id: AC10C90D66396ABC440CC2300B81163041CF0DCC8890AADDB6A0273B84F85394
2024-06-08 04:27:40.436+0000 INFO  name: system
2024-06-08 04:27:40.441+0000 INFO  creationDate: 2024-06-05T01:56:22.871Z
2024-06-08 04:27:40.445+0000 INFO  Started.
2024-06-08 04:32:30.914+0000 INFO  Neo4j Server shutdown initiated by request
2024-06-08 04:32:30.915+0000 INFO  Stopping...
2024-06-08 04:32:36.591+0000 INFO  Stopped.
2024-06-08 04:33:08.737+0000 INFO  Logging config in use: Embedded default config 'default-user-logs.xml'
2024-06-08 04:33:08.745+0000 WARN  Use of deprecated setting 'dbms.memory.pagecache.size'. It is replaced by 'server.memory.pagecache.size'.
2024-06-08 04:33:08.746+0000 WARN  Use of deprecated setting 'dbms.memory.heap.max_size'. It is replaced by 'server.memory.heap.max_size'.
2024-06-08 04:33:08.748+0000 INFO  Starting...
2024-06-08 04:33:09.973+0000 INFO  This instance is ServerId{5dd239fc} (5dd239fc-1190-4b45-ad44-15b028f0f444)
2024-06-08 04:33:11.483+0000 INFO  ======== Neo4j 5.20.0 ========
2024-06-08 04:33:14.649+0000 INFO  Anonymous Usage Data is being sent to Neo4j, see https://neo4j.com/docs/usage_data/
2024-06-08 04:33:14.683+0000 INFO  Bolt enabled on 0.0.0.0:7687.
2024-06-08 04:33:15.469+0000 INFO  HTTP enabled on 0.0.0.0:7474.
2024-06-08 04:33:15.471+0000 INFO  Remote interface available at http://localhost:7474/
2024-06-08 04:33:15.475+0000 INFO  id: AC10C90D66396ABC440CC2300B81163041CF0DCC8890AADDB6A0273B84F85394
2024-06-08 04:33:15.476+0000 INFO  name: system
2024-06-08 04:33:15.476+0000 INFO  creationDate: 2024-06-05T01:56:22.871Z
2024-06-08 04:33:15.477+0000 INFO  Started.
2024-06-08 10:30:21.313+0000 INFO  Logging config in use: Embedded default config 'default-user-logs.xml'
2024-06-08 10:30:21.360+0000 WARN  Use of deprecated setting 'dbms.memory.pagecache.size'. It is replaced by 'server.memory.pagecache.size'.
2024-06-08 10:30:21.361+0000 WARN  Use of deprecated setting 'dbms.memory.heap.max_size'. It is replaced by 'server.memory.heap.max_size'.
2024-06-08 10:30:21.366+0000 INFO  Starting...
2024-06-08 10:30:23.623+0000 INFO  This instance is ServerId{5dd239fc} (5dd239fc-1190-4b45-ad44-15b028f0f444)
2024-06-08 10:30:26.446+0000 INFO  ======== Neo4j 5.20.0 ========
2024-06-08 10:30:34.245+0000 INFO  Anonymous Usage Data is being sent to Neo4j, see https://neo4j.com/docs/usage_data/
2024-06-08 10:30:34.290+0000 INFO  Bolt enabled on 0.0.0.0:7687.
2024-06-08 10:30:35.302+0000 INFO  HTTP enabled on 0.0.0.0:7474.
2024-06-08 10:30:35.303+0000 INFO  Remote interface available at http://localhost:7474/
2024-06-08 10:30:35.306+0000 INFO  id: AC10C90D66396ABC440CC2300B81163041CF0DCC8890AADDB6A0273B84F85394
2024-06-08 10:30:35.307+0000 INFO  name: system
2024-06-08 10:30:35.308+0000 INFO  creationDate: 2024-06-05T01:56:22.871Z
2024-06-08 10:30:35.308+0000 INFO  Started.
2024-06-08 10:33:51.482+0000 INFO  Neo4j Server shutdown initiated by request
2024-06-08 10:33:51.484+0000 INFO  Stopping...
2024-06-08 10:33:57.145+0000 INFO  Stopped.
2024-06-08 10:34:53.723+0000 INFO  Logging config in use: Embedded default config 'default-user-logs.xml'
2024-06-08 10:34:53.731+0000 WARN  Use of deprecated setting 'dbms.memory.pagecache.size'. It is replaced by 'server.memory.pagecache.size'.
2024-06-08 10:34:53.732+0000 WARN  Use of deprecated setting 'dbms.memory.heap.max_size'. It is replaced by 'server.memory.heap.max_size'.
2024-06-08 10:34:53.737+0000 INFO  Starting...
2024-06-08 10:34:55.009+0000 INFO  This instance is ServerId{5dd239fc} (5dd239fc-1190-4b45-ad44-15b028f0f444)
2024-06-08 10:34:56.482+0000 INFO  ======== Neo4j 5.20.0 ========
2024-06-08 10:34:59.804+0000 INFO  Anonymous Usage Data is being sent to Neo4j, see https://neo4j.com/docs/usage_data/
2024-06-08 10:34:59.845+0000 INFO  Bolt enabled on 0.0.0.0:7687.
2024-06-08 10:35:00.652+0000 INFO  HTTP enabled on 0.0.0.0:7474.
2024-06-08 10:35:00.654+0000 INFO  Remote interface available at http://localhost:7474/
2024-06-08 10:35:00.657+0000 INFO  id: AC10C90D66396ABC440CC2300B81163041CF0DCC8890AADDB6A0273B84F85394
2024-06-08 10:35:00.658+0000 INFO  name: system
2024-06-08 10:35:00.659+0000 INFO  creationDate: 2024-06-05T01:56:22.871Z
2024-06-08 10:35:00.660+0000 INFO  Started.
2024-06-08 10:36:50.512+0000 INFO  Neo4j Server shutdown initiated by request
2024-06-08 10:36:50.513+0000 INFO  Stopping...
2024-06-08 10:36:56.062+0000 INFO  Stopped.
2024-06-08 10:37:27.565+0000 INFO  Logging config in use: Embedded default config 'default-user-logs.xml'
2024-06-08 10:37:27.572+0000 WARN  Use of deprecated setting 'dbms.memory.pagecache.size'. It is replaced by 'server.memory.pagecache.size'.
2024-06-08 10:37:27.572+0000 WARN  Use of deprecated setting 'dbms.memory.heap.max_size'. It is replaced by 'server.memory.heap.max_size'.
2024-06-08 10:37:27.575+0000 INFO  Starting...
2024-06-08 10:37:28.775+0000 INFO  This instance is ServerId{5dd239fc} (5dd239fc-1190-4b45-ad44-15b028f0f444)
2024-06-08 10:37:30.280+0000 INFO  ======== Neo4j 5.20.0 ========
2024-06-08 10:37:34.604+0000 INFO  Anonymous Usage Data is being sent to Neo4j, see https://neo4j.com/docs/usage_data/
2024-06-08 10:37:34.647+0000 INFO  Bolt enabled on 0.0.0.0:7687.
2024-06-08 10:37:35.440+0000 INFO  HTTP enabled on 0.0.0.0:7474.
2024-06-08 10:37:35.442+0000 INFO  Remote interface available at http://localhost:7474/
2024-06-08 10:37:35.445+0000 INFO  id: AC10C90D66396ABC440CC2300B81163041CF0DCC8890AADDB6A0273B84F85394
2024-06-08 10:37:35.446+0000 INFO  name: system
2024-06-08 10:37:35.447+0000 INFO  creationDate: 2024-06-05T01:56:22.871Z
2024-06-08 10:37:35.447+0000 INFO  Started.
2024-06-08 10:43:31.804+0000 INFO  Neo4j Server shutdown initiated by request
2024-06-08 10:43:31.805+0000 INFO  Stopping...
2024-06-08 10:43:37.516+0000 INFO  Stopped.
2024-06-08 10:45:02.820+0000 INFO  Logging config in use: Embedded default config 'default-user-logs.xml'
2024-06-08 10:45:02.830+0000 WARN  Use of deprecated setting 'dbms.memory.pagecache.size'. It is replaced by 'server.memory.pagecache.size'.
2024-06-08 10:45:02.831+0000 WARN  Use of deprecated setting 'dbms.memory.heap.max_size'. It is replaced by 'server.memory.heap.max_size'.
2024-06-08 10:45:02.834+0000 INFO  Starting...
2024-06-08 10:45:04.230+0000 INFO  This instance is ServerId{5dd239fc} (5dd239fc-1190-4b45-ad44-15b028f0f444)
2024-06-08 10:45:05.761+0000 INFO  ======== Neo4j 5.20.0 ========
2024-06-08 10:45:09.323+0000 INFO  Anonymous Usage Data is being sent to Neo4j, see https://neo4j.com/docs/usage_data/
2024-06-08 10:45:09.365+0000 INFO  Bolt enabled on 0.0.0.0:7687.
2024-06-08 10:45:10.335+0000 INFO  HTTP enabled on 0.0.0.0:7474.
2024-06-08 10:45:10.337+0000 INFO  Remote interface available at http://localhost:7474/
2024-06-08 10:45:10.342+0000 INFO  id: AC10C90D66396ABC440CC2300B81163041CF0DCC8890AADDB6A0273B84F85394
2024-06-08 10:45:10.343+0000 INFO  name: system
2024-06-08 10:45:10.343+0000 INFO  creationDate: 2024-06-05T01:56:22.871Z
2024-06-08 10:45:10.344+0000 INFO  Started.
2024-06-08 11:16:36.027+0000 INFO  Neo4j Server shutdown initiated by request
2024-06-08 11:16:36.028+0000 INFO  Stopping...
2024-06-08 11:16:41.608+0000 INFO  Stopped.
2024-06-08 11:17:19.759+0000 INFO  Logging config in use: Embedded default config 'default-user-logs.xml'
2024-06-08 11:17:19.785+0000 WARN  Use of deprecated setting 'dbms.memory.pagecache.size'. It is replaced by 'server.memory.pagecache.size'.
2024-06-08 11:17:19.789+0000 WARN  Use of deprecated setting 'dbms.memory.heap.max_size'. It is replaced by 'server.memory.heap.max_size'.
2024-06-08 11:17:19.792+0000 INFO  Starting...
2024-06-08 11:17:21.301+0000 INFO  This instance is ServerId{5dd239fc} (5dd239fc-1190-4b45-ad44-15b028f0f444)
2024-06-08 11:17:23.045+0000 INFO  ======== Neo4j 5.20.0 ========
2024-06-08 11:17:26.913+0000 INFO  Anonymous Usage Data is being sent to Neo4j, see https://neo4j.com/docs/usage_data/
2024-06-08 11:17:26.948+0000 INFO  Bolt enabled on 0.0.0.0:7687.
2024-06-08 11:17:27.804+0000 INFO  HTTP enabled on 0.0.0.0:7474.
2024-06-08 11:17:27.806+0000 INFO  Remote interface available at http://localhost:7474/
2024-06-08 11:17:27.813+0000 INFO  id: AC10C90D66396ABC440CC2300B81163041CF0DCC8890AADDB6A0273B84F85394
2024-06-08 11:17:27.815+0000 INFO  name: system
2024-06-08 11:17:27.816+0000 INFO  creationDate: 2024-06-05T01:56:22.871Z
2024-06-08 11:17:27.818+0000 INFO  Started.
2024-06-08 15:08:26.835+0000 INFO  Neo4j Server shutdown initiated by request
2024-06-08 15:08:26.839+0000 INFO  Stopping...
2024-06-08 15:08:32.011+0000 INFO  Stopped.
2024-06-08 15:13:20.346+0000 INFO  Logging config in use: Embedded default config 'default-user-logs.xml'
2024-06-08 15:13:20.355+0000 WARN  Use of deprecated setting 'dbms.memory.pagecache.size'. It is replaced by 'server.memory.pagecache.size'.
2024-06-08 15:13:20.358+0000 WARN  Use of deprecated setting 'dbms.memory.heap.max_size'. It is replaced by 'server.memory.heap.max_size'.
2024-06-08 15:13:20.363+0000 INFO  Starting...
2024-06-08 15:13:23.214+0000 INFO  This instance is ServerId{5dd239fc} (5dd239fc-1190-4b45-ad44-15b028f0f444)
2024-06-08 15:13:27.278+0000 INFO  ======== Neo4j 5.20.0 ========
2024-06-08 15:13:36.604+0000 INFO  Anonymous Usage Data is being sent to Neo4j, see https://neo4j.com/docs/usage_data/
2024-06-08 15:13:36.707+0000 INFO  Bolt enabled on 0.0.0.0:7687.
2024-06-08 15:13:38.428+0000 INFO  HTTP enabled on 0.0.0.0:7474.
2024-06-08 15:13:38.431+0000 INFO  Remote interface available at http://localhost:7474/
2024-06-08 15:13:38.436+0000 INFO  id: AC10C90D66396ABC440CC2300B81163041CF0DCC8890AADDB6A0273B84F85394
2024-06-08 15:13:38.439+0000 INFO  name: system
2024-06-08 15:13:38.441+0000 INFO  creationDate: 2024-06-05T01:56:22.871Z
2024-06-08 15:13:38.443+0000 INFO  Started.
2024-06-08 15:30:46.330+0000 INFO  Logging config in use: Embedded default config 'default-user-logs.xml'
2024-06-08 15:30:46.351+0000 WARN  Use of deprecated setting 'dbms.memory.pagecache.size'. It is replaced by 'server.memory.pagecache.size'.
2024-06-08 15:30:46.353+0000 WARN  Use of deprecated setting 'dbms.memory.heap.max_size'. It is replaced by 'server.memory.heap.max_size'.
2024-06-08 15:30:46.368+0000 INFO  Starting...
2024-06-08 15:30:47.873+0000 INFO  This instance is ServerId{5dd239fc} (5dd239fc-1190-4b45-ad44-15b028f0f444)
2024-06-08 15:30:50.642+0000 INFO  ======== Neo4j 5.20.0 ========
2024-06-08 15:30:55.832+0000 INFO  Anonymous Usage Data is being sent to Neo4j, see https://neo4j.com/docs/usage_data/
2024-06-08 15:30:55.928+0000 INFO  Bolt enabled on 0.0.0.0:7687.
2024-06-08 15:30:57.956+0000 INFO  HTTP enabled on 0.0.0.0:7474.
2024-06-08 15:30:57.961+0000 INFO  Remote interface available at http://localhost:7474/
2024-06-08 15:30:57.986+0000 INFO  id: AC10C90D66396ABC440CC2300B81163041CF0DCC8890AADDB6A0273B84F85394
2024-06-08 15:30:57.988+0000 INFO  name: system
2024-06-08 15:30:57.989+0000 INFO  creationDate: 2024-06-05T01:56:22.871Z
2024-06-08 15:30:57.990+0000 INFO  Started.
2024-06-08 15:31:09.197+0000 INFO  Neo4j Server shutdown initiated by request
2024-06-08 15:31:09.198+0000 INFO  Stopping...
2024-06-08 15:31:14.870+0000 INFO  Stopped.
2024-06-08 15:41:43.860+0000 INFO  Logging config in use: Embedded default config 'default-user-logs.xml'
2024-06-08 15:41:43.922+0000 WARN  Use of deprecated setting 'dbms.memory.pagecache.size'. It is replaced by 'server.memory.pagecache.size'.
2024-06-08 15:41:43.923+0000 WARN  Use of deprecated setting 'dbms.memory.heap.max_size'. It is replaced by 'server.memory.heap.max_size'.
2024-06-08 15:41:43.944+0000 INFO  Starting...
2024-06-08 15:41:50.118+0000 INFO  This instance is ServerId{5dd239fc} (5dd239fc-1190-4b45-ad44-15b028f0f444)
2024-06-08 15:41:56.149+0000 INFO  ======== Neo4j 5.20.0 ========
2024-06-08 15:42:01.527+0000 INFO  Anonymous Usage Data is being sent to Neo4j, see https://neo4j.com/docs/usage_data/
2024-06-08 15:42:01.599+0000 INFO  Bolt enabled on 0.0.0.0:7687.
2024-06-08 15:42:03.068+0000 INFO  HTTP enabled on 0.0.0.0:7474.
2024-06-08 15:42:03.071+0000 INFO  Remote interface available at http://localhost:7474/
2024-06-08 15:42:03.078+0000 INFO  id: AC10C90D66396ABC440CC2300B81163041CF0DCC8890AADDB6A0273B84F85394
2024-06-08 15:42:03.079+0000 INFO  name: system
2024-06-08 15:42:03.081+0000 INFO  creationDate: 2024-06-05T01:56:22.871Z
2024-06-08 15:42:03.101+0000 INFO  Started.
2024-06-08 16:05:05.771+0000 INFO  Neo4j Server shutdown initiated by request
2024-06-08 16:05:05.774+0000 INFO  Stopping...
2024-06-08 16:05:11.545+0000 INFO  Stopped.
2024-06-08 16:05:58.722+0000 INFO  Logging config in use: Embedded default config 'default-user-logs.xml'
2024-06-08 16:05:58.726+0000 WARN  Use of deprecated setting 'dbms.memory.pagecache.size'. It is replaced by 'server.memory.pagecache.size'.
2024-06-08 16:05:58.727+0000 WARN  Use of deprecated setting 'dbms.memory.heap.max_size'. It is replaced by 'server.memory.heap.max_size'.
2024-06-08 16:05:58.730+0000 INFO  Starting...
2024-06-08 16:05:59.756+0000 INFO  This instance is ServerId{5dd239fc} (5dd239fc-1190-4b45-ad44-15b028f0f444)
2024-06-08 16:06:01.036+0000 INFO  ======== Neo4j 5.20.0 ========
2024-06-08 16:06:04.706+0000 INFO  Anonymous Usage Data is being sent to Neo4j, see https://neo4j.com/docs/usage_data/
2024-06-08 16:06:04.758+0000 INFO  Bolt enabled on 0.0.0.0:7687.
2024-06-08 16:06:05.887+0000 INFO  HTTP enabled on 0.0.0.0:7474.
2024-06-08 16:06:05.888+0000 INFO  Remote interface available at http://localhost:7474/
2024-06-08 16:06:05.893+0000 INFO  id: AC10C90D66396ABC440CC2300B81163041CF0DCC8890AADDB6A0273B84F85394
2024-06-08 16:06:05.894+0000 INFO  name: system
2024-06-08 16:06:05.895+0000 INFO  creationDate: 2024-06-05T01:56:22.871Z
2024-06-08 16:06:05.895+0000 INFO  Started.
2024-06-09 02:08:39.486+0000 INFO  Logging config in use: Embedded default config 'default-user-logs.xml'
2024-06-09 02:08:39.505+0000 WARN  Use of deprecated setting 'dbms.memory.pagecache.size'. It is replaced by 'server.memory.pagecache.size'.
2024-06-09 02:08:39.512+0000 WARN  Use of deprecated setting 'dbms.memory.heap.max_size'. It is replaced by 'server.memory.heap.max_size'.
2024-06-09 02:08:39.545+0000 INFO  Starting...
2024-06-09 02:08:41.782+0000 INFO  This instance is ServerId{5dd239fc} (5dd239fc-1190-4b45-ad44-15b028f0f444)
2024-06-09 02:08:45.239+0000 INFO  ======== Neo4j 5.20.0 ========
2024-06-09 02:08:51.574+0000 INFO  Anonymous Usage Data is being sent to Neo4j, see https://neo4j.com/docs/usage_data/
2024-06-09 02:08:51.654+0000 INFO  Bolt enabled on 0.0.0.0:7687.
2024-06-09 02:08:52.752+0000 INFO  HTTP enabled on 0.0.0.0:7474.
2024-06-09 02:08:52.754+0000 INFO  Remote interface available at http://localhost:7474/
2024-06-09 02:08:52.760+0000 INFO  id: AC10C90D66396ABC440CC2300B81163041CF0DCC8890AADDB6A0273B84F85394
2024-06-09 02:08:52.761+0000 INFO  name: system
2024-06-09 02:08:52.762+0000 INFO  creationDate: 2024-06-05T01:56:22.871Z
2024-06-09 02:08:52.762+0000 INFO  Started.
2024-06-09 02:34:53.605+0000 INFO  Neo4j Server shutdown initiated by request
2024-06-09 02:34:53.606+0000 INFO  Stopping...
2024-06-09 02:34:58.690+0000 INFO  Stopped.
2024-06-09 02:39:26.022+0000 INFO  Logging config in use: Embedded default config 'default-user-logs.xml'
2024-06-09 02:39:26.062+0000 WARN  Use of deprecated setting 'dbms.memory.pagecache.size'. It is replaced by 'server.memory.pagecache.size'.
2024-06-09 02:39:26.080+0000 WARN  Use of deprecated setting 'dbms.memory.heap.max_size'. It is replaced by 'server.memory.heap.max_size'.
2024-06-09 02:39:26.085+0000 INFO  Starting...
2024-06-09 02:39:28.039+0000 INFO  This instance is ServerId{5dd239fc} (5dd239fc-1190-4b45-ad44-15b028f0f444)
2024-06-09 02:39:29.876+0000 INFO  ======== Neo4j 5.20.0 ========
2024-06-09 02:39:39.806+0000 INFO  Anonymous Usage Data is being sent to Neo4j, see https://neo4j.com/docs/usage_data/
2024-06-09 02:39:39.930+0000 INFO  Bolt enabled on 0.0.0.0:7687.
2024-06-09 02:39:42.824+0000 INFO  HTTP enabled on 0.0.0.0:7474.
2024-06-09 02:39:42.826+0000 INFO  Remote interface available at http://localhost:7474/
2024-06-09 02:39:42.838+0000 INFO  id: AC10C90D66396ABC440CC2300B81163041CF0DCC8890AADDB6A0273B84F85394
2024-06-09 02:39:42.846+0000 INFO  name: system
2024-06-09 02:39:42.862+0000 INFO  creationDate: 2024-06-05T01:56:22.871Z
2024-06-09 02:39:42.870+0000 INFO  Started.
2024-06-09 03:04:48.431+0000 INFO  Logging config in use: Embedded default config 'default-user-logs.xml'
2024-06-09 03:04:48.451+0000 WARN  Use of deprecated setting 'dbms.memory.pagecache.size'. It is replaced by 'server.memory.pagecache.size'.
2024-06-09 03:04:48.452+0000 WARN  Use of deprecated setting 'dbms.memory.heap.max_size'. It is replaced by 'server.memory.heap.max_size'.
2024-06-09 03:04:48.456+0000 INFO  Starting...
2024-06-09 03:04:50.643+0000 INFO  This instance is ServerId{5dd239fc} (5dd239fc-1190-4b45-ad44-15b028f0f444)
2024-06-09 03:04:52.605+0000 INFO  ======== Neo4j 5.20.0 ========
2024-06-09 03:05:06.523+0000 INFO  Anonymous Usage Data is being sent to Neo4j, see https://neo4j.com/docs/usage_data/
2024-06-09 03:05:06.664+0000 INFO  Bolt enabled on 0.0.0.0:7687.
2024-06-09 03:05:09.265+0000 INFO  HTTP enabled on 0.0.0.0:7474.
2024-06-09 03:05:09.293+0000 INFO  Remote interface available at http://localhost:7474/
2024-06-09 03:05:09.299+0000 INFO  id: AC10C90D66396ABC440CC2300B81163041CF0DCC8890AADDB6A0273B84F85394
2024-06-09 03:05:09.302+0000 INFO  name: system
2024-06-09 03:05:09.307+0000 INFO  creationDate: 2024-06-05T01:56:22.871Z
2024-06-09 03:05:09.308+0000 INFO  Started.
2024-06-09 11:25:03.643+0000 INFO  Logging config in use: Embedded default config 'default-user-logs.xml'
2024-06-09 11:25:03.654+0000 WARN  Use of deprecated setting 'dbms.memory.pagecache.size'. It is replaced by 'server.memory.pagecache.size'.
2024-06-09 11:25:03.655+0000 WARN  Use of deprecated setting 'dbms.memory.heap.max_size'. It is replaced by 'server.memory.heap.max_size'.
2024-06-09 11:25:03.659+0000 INFO  Starting...
2024-06-09 11:25:05.052+0000 INFO  This instance is ServerId{5dd239fc} (5dd239fc-1190-4b45-ad44-15b028f0f444)
2024-06-09 11:25:06.928+0000 INFO  ======== Neo4j 5.20.0 ========
2024-06-09 11:25:12.853+0000 INFO  Anonymous Usage Data is being sent to Neo4j, see https://neo4j.com/docs/usage_data/
2024-06-09 11:25:12.928+0000 INFO  Bolt enabled on 0.0.0.0:7687.
2024-06-09 11:25:14.403+0000 INFO  HTTP enabled on 0.0.0.0:7474.
2024-06-09 11:25:14.424+0000 INFO  Remote interface available at http://localhost:7474/
2024-06-09 11:25:14.433+0000 INFO  id: AC10C90D66396ABC440CC2300B81163041CF0DCC8890AADDB6A0273B84F85394
2024-06-09 11:25:14.438+0000 INFO  name: system
2024-06-09 11:25:14.441+0000 INFO  creationDate: 2024-06-05T01:56:22.871Z
2024-06-09 11:25:14.442+0000 INFO  Started.
2024-06-09 18:01:12.191+0000 INFO  Neo4j Server shutdown initiated by request
2024-06-09 18:01:12.194+0000 INFO  Stopping...
2024-06-09 18:01:17.408+0000 INFO  Stopped.
2024-06-09 18:23:23.672+0000 INFO  Logging config in use: Embedded default config 'default-user-logs.xml'
2024-06-09 18:23:23.701+0000 WARN  Use of deprecated setting 'dbms.memory.pagecache.size'. It is replaced by 'server.memory.pagecache.size'.
2024-06-09 18:23:23.704+0000 WARN  Use of deprecated setting 'dbms.memory.heap.max_size'. It is replaced by 'server.memory.heap.max_size'.
2024-06-09 18:23:23.708+0000 INFO  Starting...
2024-06-09 18:23:26.475+0000 INFO  This instance is ServerId{5dd239fc} (5dd239fc-1190-4b45-ad44-15b028f0f444)
2024-06-09 18:23:30.126+0000 INFO  ======== Neo4j 5.20.0 ========
2024-06-09 18:23:35.057+0000 INFO  Anonymous Usage Data is being sent to Neo4j, see https://neo4j.com/docs/usage_data/
2024-06-09 18:23:35.119+0000 INFO  Bolt enabled on 0.0.0.0:7687.
2024-06-09 18:23:36.256+0000 INFO  HTTP enabled on 0.0.0.0:7474.
2024-06-09 18:23:36.258+0000 INFO  Remote interface available at http://localhost:7474/
2024-06-09 18:23:36.262+0000 INFO  id: AC10C90D66396ABC440CC2300B81163041CF0DCC8890AADDB6A0273B84F85394
2024-06-09 18:23:36.262+0000 INFO  name: system
2024-06-09 18:23:36.263+0000 INFO  creationDate: 2024-06-05T01:56:22.871Z
2024-06-09 18:23:36.264+0000 INFO  Started.
2024-06-10 03:03:33.579+0000 INFO  Logging config in use: Embedded default config 'default-user-logs.xml'
2024-06-10 03:03:33.587+0000 WARN  Use of deprecated setting 'dbms.memory.pagecache.size'. It is replaced by 'server.memory.pagecache.size'.
2024-06-10 03:03:33.588+0000 WARN  Use of deprecated setting 'dbms.memory.heap.max_size'. It is replaced by 'server.memory.heap.max_size'.
2024-06-10 03:03:33.590+0000 INFO  Starting...
2024-06-10 03:03:34.882+0000 INFO  This instance is ServerId{5dd239fc} (5dd239fc-1190-4b45-ad44-15b028f0f444)
2024-06-10 03:03:37.501+0000 INFO  ======== Neo4j 5.20.0 ========
2024-06-10 03:03:45.069+0000 INFO  Anonymous Usage Data is being sent to Neo4j, see https://neo4j.com/docs/usage_data/
2024-06-10 03:03:45.173+0000 INFO  Bolt enabled on 0.0.0.0:7687.
2024-06-10 03:03:46.829+0000 INFO  HTTP enabled on 0.0.0.0:7474.
2024-06-10 03:03:46.831+0000 INFO  Remote interface available at http://localhost:7474/
2024-06-10 03:03:46.837+0000 INFO  id: AC10C90D66396ABC440CC2300B81163041CF0DCC8890AADDB6A0273B84F85394
2024-06-10 03:03:46.838+0000 INFO  name: system
2024-06-10 03:03:46.839+0000 INFO  creationDate: 2024-06-05T01:56:22.871Z
2024-06-10 03:03:46.840+0000 INFO  Started.
2024-06-11 02:00:55.704+0000 INFO  Logging config in use: Embedded default config 'default-user-logs.xml'
2024-06-11 02:00:55.768+0000 WARN  Use of deprecated setting 'dbms.memory.pagecache.size'. It is replaced by 'server.memory.pagecache.size'.
2024-06-11 02:00:55.782+0000 WARN  Use of deprecated setting 'dbms.memory.heap.max_size'. It is replaced by 'server.memory.heap.max_size'.
2024-06-11 02:00:55.837+0000 INFO  Starting...
2024-06-11 02:00:59.532+0000 INFO  This instance is ServerId{5dd239fc} (5dd239fc-1190-4b45-ad44-15b028f0f444)
2024-06-11 02:01:03.562+0000 INFO  ======== Neo4j 5.20.0 ========
2024-06-11 02:01:10.493+0000 INFO  Anonymous Usage Data is being sent to Neo4j, see https://neo4j.com/docs/usage_data/
2024-06-11 02:01:10.580+0000 INFO  Bolt enabled on 0.0.0.0:7687.
2024-06-11 02:01:11.935+0000 INFO  HTTP enabled on 0.0.0.0:7474.
2024-06-11 02:01:11.938+0000 INFO  Remote interface available at http://localhost:7474/
2024-06-11 02:01:11.943+0000 INFO  id: AC10C90D66396ABC440CC2300B81163041CF0DCC8890AADDB6A0273B84F85394
2024-06-11 02:01:11.944+0000 INFO  name: system
2024-06-11 02:01:11.945+0000 INFO  creationDate: 2024-06-05T01:56:22.871Z
2024-06-11 02:01:11.945+0000 INFO  Started.
2024-06-11 02:24:08.613+0000 INFO  Neo4j Server shutdown initiated by request
2024-06-11 02:24:08.638+0000 INFO  Stopping...
2024-06-11 02:24:15.578+0000 INFO  Stopped.
2024-06-11 02:51:34.130+0000 INFO  Logging config in use: Embedded default config 'default-user-logs.xml'
2024-06-11 02:51:34.136+0000 WARN  Use of deprecated setting 'dbms.memory.pagecache.size'. It is replaced by 'server.memory.pagecache.size'.
2024-06-11 02:51:34.137+0000 WARN  Use of deprecated setting 'dbms.memory.heap.max_size'. It is replaced by 'server.memory.heap.max_size'.
2024-06-11 02:51:34.139+0000 INFO  Starting...
2024-06-11 02:51:35.253+0000 INFO  This instance is ServerId{5dd239fc} (5dd239fc-1190-4b45-ad44-15b028f0f444)
2024-06-11 02:51:36.718+0000 INFO  ======== Neo4j 5.20.0 ========
2024-06-11 02:51:40.061+0000 INFO  Anonymous Usage Data is being sent to Neo4j, see https://neo4j.com/docs/usage_data/
2024-06-11 02:51:40.111+0000 INFO  Bolt enabled on 0.0.0.0:7687.
2024-06-11 02:51:40.977+0000 INFO  HTTP enabled on 0.0.0.0:7474.
2024-06-11 02:51:40.979+0000 INFO  Remote interface available at http://localhost:7474/
2024-06-11 02:51:40.983+0000 INFO  id: AC10C90D66396ABC440CC2300B81163041CF0DCC8890AADDB6A0273B84F85394
2024-06-11 02:51:40.984+0000 INFO  name: system
2024-06-11 02:51:40.985+0000 INFO  creationDate: 2024-06-05T01:56:22.871Z
2024-06-11 02:51:40.986+0000 INFO  Started.
2024-06-11 02:59:12.540+0000 INFO  Logging config in use: Embedded default config 'default-user-logs.xml'
2024-06-11 02:59:12.545+0000 WARN  Use of deprecated setting 'dbms.memory.pagecache.size'. It is replaced by 'server.memory.pagecache.size'.
2024-06-11 02:59:12.546+0000 WARN  Use of deprecated setting 'dbms.memory.heap.max_size'. It is replaced by 'server.memory.heap.max_size'.
2024-06-11 02:59:12.550+0000 INFO  Starting...
2024-06-11 02:59:14.546+0000 INFO  This instance is ServerId{5dd239fc} (5dd239fc-1190-4b45-ad44-15b028f0f444)
2024-06-11 02:59:17.796+0000 INFO  ======== Neo4j 5.20.0 ========
2024-06-11 02:59:25.272+0000 INFO  Anonymous Usage Data is being sent to Neo4j, see https://neo4j.com/docs/usage_data/
2024-06-11 02:59:25.421+0000 INFO  Bolt enabled on 0.0.0.0:7687.
2024-06-11 02:59:27.313+0000 INFO  HTTP enabled on 0.0.0.0:7474.
2024-06-11 02:59:27.315+0000 INFO  Remote interface available at http://localhost:7474/
2024-06-11 02:59:27.321+0000 INFO  id: AC10C90D66396ABC440CC2300B81163041CF0DCC8890AADDB6A0273B84F85394
2024-06-11 02:59:27.322+0000 INFO  name: system
2024-06-11 02:59:27.323+0000 INFO  creationDate: 2024-06-05T01:56:22.871Z
2024-06-11 02:59:27.324+0000 INFO  Started.
2024-06-11 03:01:32.747+0000 INFO  Logging config in use: Embedded default config 'default-user-logs.xml'
2024-06-11 03:01:32.768+0000 WARN  Use of deprecated setting 'dbms.memory.pagecache.size'. It is replaced by 'server.memory.pagecache.size'.
2024-06-11 03:01:32.778+0000 WARN  Use of deprecated setting 'dbms.memory.heap.max_size'. It is replaced by 'server.memory.heap.max_size'.
2024-06-11 03:01:32.791+0000 INFO  Starting...
2024-06-11 03:01:35.718+0000 INFO  This instance is ServerId{5dd239fc} (5dd239fc-1190-4b45-ad44-15b028f0f444)
2024-06-11 03:01:40.290+0000 INFO  ======== Neo4j 5.20.0 ========
2024-06-11 03:01:51.065+0000 INFO  Anonymous Usage Data is being sent to Neo4j, see https://neo4j.com/docs/usage_data/
2024-06-11 03:01:51.155+0000 INFO  Bolt enabled on 0.0.0.0:7687.
2024-06-11 03:01:52.798+0000 INFO  HTTP enabled on 0.0.0.0:7474.
2024-06-11 03:01:52.819+0000 INFO  Remote interface available at http://localhost:7474/
2024-06-11 03:01:52.835+0000 INFO  id: AC10C90D66396ABC440CC2300B81163041CF0DCC8890AADDB6A0273B84F85394
2024-06-11 03:01:52.839+0000 INFO  name: system
2024-06-11 03:01:52.846+0000 INFO  creationDate: 2024-06-05T01:56:22.871Z
2024-06-11 03:01:52.847+0000 INFO  Started.
2024-06-11 03:03:43.119+0000 INFO  Logging config in use: Embedded default config 'default-user-logs.xml'
2024-06-11 03:03:43.130+0000 WARN  Use of deprecated setting 'dbms.memory.pagecache.size'. It is replaced by 'server.memory.pagecache.size'.
2024-06-11 03:03:43.131+0000 WARN  Use of deprecated setting 'dbms.memory.heap.max_size'. It is replaced by 'server.memory.heap.max_size'.
2024-06-11 03:03:43.135+0000 INFO  Starting...
2024-06-11 03:03:45.858+0000 INFO  This instance is ServerId{5dd239fc} (5dd239fc-1190-4b45-ad44-15b028f0f444)
2024-06-11 03:03:50.632+0000 INFO  ======== Neo4j 5.20.0 ========
2024-06-11 03:03:59.203+0000 INFO  Anonymous Usage Data is being sent to Neo4j, see https://neo4j.com/docs/usage_data/
2024-06-11 03:03:59.304+0000 INFO  Bolt enabled on 0.0.0.0:7687.
2024-06-11 03:04:01.195+0000 INFO  HTTP enabled on 0.0.0.0:7474.
2024-06-11 03:04:01.197+0000 INFO  Remote interface available at http://localhost:7474/
2024-06-11 03:04:01.205+0000 INFO  id: AC10C90D66396ABC440CC2300B81163041CF0DCC8890AADDB6A0273B84F85394
2024-06-11 03:04:01.206+0000 INFO  name: system
2024-06-11 03:04:01.207+0000 INFO  creationDate: 2024-06-05T01:56:22.871Z
2024-06-11 03:04:01.208+0000 INFO  Started.
2024-06-11 03:08:03.872+0000 INFO  Logging config in use: Embedded default config 'default-user-logs.xml'
2024-06-11 03:08:03.936+0000 WARN  Use of deprecated setting 'dbms.memory.pagecache.size'. It is replaced by 'server.memory.pagecache.size'.
2024-06-11 03:08:03.950+0000 WARN  Use of deprecated setting 'dbms.memory.heap.max_size'. It is replaced by 'server.memory.heap.max_size'.
2024-06-11 03:08:03.971+0000 INFO  Starting...
2024-06-11 03:08:10.265+0000 INFO  This instance is ServerId{5dd239fc} (5dd239fc-1190-4b45-ad44-15b028f0f444)
2024-06-11 03:08:27.414+0000 INFO  ======== Neo4j 5.20.0 ========
2024-06-11 03:08:42.989+0000 INFO  Anonymous Usage Data is being sent to Neo4j, see https://neo4j.com/docs/usage_data/
2024-06-11 03:08:43.069+0000 INFO  Bolt enabled on 0.0.0.0:7687.
2024-06-11 03:08:44.389+0000 INFO  HTTP enabled on 0.0.0.0:7474.
2024-06-11 03:08:44.391+0000 INFO  Remote interface available at http://localhost:7474/
2024-06-11 03:08:44.397+0000 INFO  id: AC10C90D66396ABC440CC2300B81163041CF0DCC8890AADDB6A0273B84F85394
2024-06-11 03:08:44.398+0000 INFO  name: system
2024-06-11 03:08:44.399+0000 INFO  creationDate: 2024-06-05T01:56:22.871Z
2024-06-11 03:08:44.401+0000 INFO  Started.
2024-06-11 03:12:27.284+0000 INFO  Neo4j Server shutdown initiated by request
2024-06-11 03:12:27.287+0000 INFO  Stopping...
2024-06-11 03:12:33.141+0000 INFO  Stopped.
2024-06-11 03:12:57.437+0000 INFO  Logging config in use: Embedded default config 'default-user-logs.xml'
2024-06-11 03:12:57.453+0000 WARN  Use of deprecated setting 'dbms.memory.pagecache.size'. It is replaced by 'server.memory.pagecache.size'.
2024-06-11 03:12:57.457+0000 WARN  Use of deprecated setting 'dbms.memory.heap.max_size'. It is replaced by 'server.memory.heap.max_size'.
2024-06-11 03:12:57.484+0000 INFO  Starting...
2024-06-11 03:13:00.247+0000 INFO  This instance is ServerId{5dd239fc} (5dd239fc-1190-4b45-ad44-15b028f0f444)
2024-06-11 03:13:02.962+0000 INFO  ======== Neo4j 5.20.0 ========
2024-06-11 03:13:08.789+0000 INFO  Anonymous Usage Data is being sent to Neo4j, see https://neo4j.com/docs/usage_data/
2024-06-11 03:13:08.852+0000 INFO  Bolt enabled on 0.0.0.0:7687.
2024-06-11 03:13:09.759+0000 INFO  HTTP enabled on 0.0.0.0:7474.
2024-06-11 03:13:09.760+0000 INFO  Remote interface available at http://localhost:7474/
2024-06-11 03:13:09.764+0000 INFO  id: AC10C90D66396ABC440CC2300B81163041CF0DCC8890AADDB6A0273B84F85394
2024-06-11 03:13:09.764+0000 INFO  name: system
2024-06-11 03:13:09.765+0000 INFO  creationDate: 2024-06-05T01:56:22.871Z
2024-06-11 03:13:09.766+0000 INFO  Started.
2024-06-11 03:17:26.399+0000 INFO  Logging config in use: Embedded default config 'default-user-logs.xml'
2024-06-11 03:17:26.459+0000 WARN  Use of deprecated setting 'dbms.memory.pagecache.size'. It is replaced by 'server.memory.pagecache.size'.
2024-06-11 03:17:26.462+0000 WARN  Use of deprecated setting 'dbms.memory.heap.max_size'. It is replaced by 'server.memory.heap.max_size'.
2024-06-11 03:17:26.472+0000 INFO  Starting...
2024-06-11 03:17:31.093+0000 INFO  This instance is ServerId{5dd239fc} (5dd239fc-1190-4b45-ad44-15b028f0f444)
2024-06-11 03:17:34.746+0000 INFO  ======== Neo4j 5.20.0 ========
2024-06-11 03:17:43.616+0000 INFO  Anonymous Usage Data is being sent to Neo4j, see https://neo4j.com/docs/usage_data/
2024-06-11 03:17:43.709+0000 INFO  Bolt enabled on 0.0.0.0:7687.
2024-06-11 03:17:45.319+0000 INFO  HTTP enabled on 0.0.0.0:7474.
2024-06-11 03:17:45.321+0000 INFO  Remote interface available at http://localhost:7474/
2024-06-11 03:17:45.330+0000 INFO  id: AC10C90D66396ABC440CC2300B81163041CF0DCC8890AADDB6A0273B84F85394
2024-06-11 03:17:45.331+0000 INFO  name: system
2024-06-11 03:17:45.332+0000 INFO  creationDate: 2024-06-05T01:56:22.871Z
2024-06-11 03:17:45.333+0000 INFO  Started.
2024-06-11 03:21:02.285+0000 INFO  Neo4j Server shutdown initiated by request
2024-06-11 03:21:02.294+0000 INFO  Stopping...
2024-06-11 03:21:08.356+0000 INFO  Stopped.
2024-06-11 03:21:29.740+0000 INFO  Logging config in use: Embedded default config 'default-user-logs.xml'
2024-06-11 03:21:29.769+0000 WARN  Use of deprecated setting 'dbms.memory.pagecache.size'. It is replaced by 'server.memory.pagecache.size'.
2024-06-11 03:21:29.773+0000 WARN  Use of deprecated setting 'dbms.memory.heap.max_size'. It is replaced by 'server.memory.heap.max_size'.
2024-06-11 03:21:29.779+0000 INFO  Starting...
2024-06-11 03:21:33.182+0000 INFO  This instance is ServerId{5dd239fc} (5dd239fc-1190-4b45-ad44-15b028f0f444)
2024-06-11 03:21:36.641+0000 INFO  ======== Neo4j 5.20.0 ========
2024-06-11 03:21:42.924+0000 INFO  Anonymous Usage Data is being sent to Neo4j, see https://neo4j.com/docs/usage_data/
2024-06-11 03:21:42.974+0000 INFO  Bolt enabled on 0.0.0.0:7687.
2024-06-11 03:21:43.963+0000 INFO  HTTP enabled on 0.0.0.0:7474.
2024-06-11 03:21:43.965+0000 INFO  Remote interface available at http://localhost:7474/
2024-06-11 03:21:43.969+0000 INFO  id: AC10C90D66396ABC440CC2300B81163041CF0DCC8890AADDB6A0273B84F85394
2024-06-11 03:21:43.971+0000 INFO  name: system
2024-06-11 03:21:43.971+0000 INFO  creationDate: 2024-06-05T01:56:22.871Z
2024-06-11 03:21:43.972+0000 INFO  Started.
2024-06-11 03:23:57.546+0000 INFO  Logging config in use: Embedded default config 'default-user-logs.xml'
2024-06-11 03:23:57.553+0000 WARN  Use of deprecated setting 'dbms.memory.pagecache.size'. It is replaced by 'server.memory.pagecache.size'.
2024-06-11 03:23:57.554+0000 WARN  Use of deprecated setting 'dbms.memory.heap.max_size'. It is replaced by 'server.memory.heap.max_size'.
2024-06-11 03:23:57.556+0000 INFO  Starting...
2024-06-11 03:23:58.847+0000 INFO  This instance is ServerId{5dd239fc} (5dd239fc-1190-4b45-ad44-15b028f0f444)
2024-06-11 03:24:03.434+0000 INFO  ======== Neo4j 5.20.0 ========
2024-06-11 03:24:14.834+0000 INFO  Anonymous Usage Data is being sent to Neo4j, see https://neo4j.com/docs/usage_data/
2024-06-11 03:24:15.040+0000 INFO  Bolt enabled on 0.0.0.0:7687.
2024-06-11 03:24:18.665+0000 INFO  HTTP enabled on 0.0.0.0:7474.
2024-06-11 03:24:18.690+0000 INFO  Remote interface available at http://localhost:7474/
2024-06-11 03:24:18.732+0000 INFO  id: AC10C90D66396ABC440CC2300B81163041CF0DCC8890AADDB6A0273B84F85394
2024-06-11 03:24:18.738+0000 INFO  name: system
2024-06-11 03:24:18.740+0000 INFO  creationDate: 2024-06-05T01:56:22.871Z
2024-06-11 03:24:18.741+0000 INFO  Started.
2024-06-11 03:34:34.127+0000 INFO  Neo4j Server shutdown initiated by request
2024-06-11 03:34:34.129+0000 INFO  Stopping...
2024-06-11 03:34:39.808+0000 INFO  Stopped.
2024-06-11 03:36:18.576+0000 INFO  Logging config in use: Embedded default config 'default-user-logs.xml'
2024-06-11 03:36:18.588+0000 WARN  Use of deprecated setting 'dbms.memory.pagecache.size'. It is replaced by 'server.memory.pagecache.size'.
2024-06-11 03:36:18.589+0000 WARN  Use of deprecated setting 'dbms.memory.heap.max_size'. It is replaced by 'server.memory.heap.max_size'.
2024-06-11 03:36:18.592+0000 INFO  Starting...
2024-06-11 03:36:19.530+0000 INFO  This instance is ServerId{5dd239fc} (5dd239fc-1190-4b45-ad44-15b028f0f444)
2024-06-11 03:36:20.619+0000 INFO  ======== Neo4j 5.20.0 ========
2024-06-11 03:36:23.378+0000 INFO  Anonymous Usage Data is being sent to Neo4j, see https://neo4j.com/docs/usage_data/
2024-06-11 03:36:23.426+0000 INFO  Bolt enabled on 0.0.0.0:7687.
2024-06-11 03:36:24.222+0000 INFO  HTTP enabled on 0.0.0.0:7474.
2024-06-11 03:36:24.223+0000 INFO  Remote interface available at http://localhost:7474/
2024-06-11 03:36:24.226+0000 INFO  id: AC10C90D66396ABC440CC2300B81163041CF0DCC8890AADDB6A0273B84F85394
2024-06-11 03:36:24.227+0000 INFO  name: system
2024-06-11 03:36:24.228+0000 INFO  creationDate: 2024-06-05T01:56:22.871Z
2024-06-11 03:36:24.228+0000 INFO  Started.
2024-06-11 03:36:39.788+0000 INFO  Neo4j Server shutdown initiated by request
2024-06-11 03:36:39.800+0000 INFO  Stopping...
2024-06-11 03:36:45.796+0000 INFO  Stopped.
2024-06-11 03:37:02.648+0000 INFO  Logging config in use: Embedded default config 'default-user-logs.xml'
2024-06-11 03:37:02.655+0000 WARN  Use of deprecated setting 'dbms.memory.pagecache.size'. It is replaced by 'server.memory.pagecache.size'.
2024-06-11 03:37:02.656+0000 WARN  Use of deprecated setting 'dbms.memory.heap.max_size'. It is replaced by 'server.memory.heap.max_size'.
2024-06-11 03:37:02.658+0000 INFO  Starting...
2024-06-11 03:37:03.596+0000 INFO  This instance is ServerId{5dd239fc} (5dd239fc-1190-4b45-ad44-15b028f0f444)
2024-06-11 03:37:04.597+0000 INFO  ======== Neo4j 5.20.0 ========
2024-06-11 03:37:07.096+0000 INFO  Anonymous Usage Data is being sent to Neo4j, see https://neo4j.com/docs/usage_data/
2024-06-11 03:37:07.138+0000 INFO  Bolt enabled on 0.0.0.0:7687.
2024-06-11 03:37:07.769+0000 INFO  HTTP enabled on 0.0.0.0:7474.
2024-06-11 03:37:07.770+0000 INFO  Remote interface available at http://localhost:7474/
2024-06-11 03:37:07.773+0000 INFO  id: AC10C90D66396ABC440CC2300B81163041CF0DCC8890AADDB6A0273B84F85394
2024-06-11 03:37:07.774+0000 INFO  name: system
2024-06-11 03:37:07.775+0000 INFO  creationDate: 2024-06-05T01:56:22.871Z
2024-06-11 03:37:07.776+0000 INFO  Started.
2024-06-11 03:45:12.534+0000 INFO  Neo4j Server shutdown initiated by request
2024-06-11 03:45:12.535+0000 INFO  Stopping...
2024-06-11 03:45:18.290+0000 INFO  Stopped.
2024-06-11 03:46:42.511+0000 INFO  Logging config in use: Embedded default config 'default-user-logs.xml'
2024-06-11 03:46:42.517+0000 WARN  Use of deprecated setting 'dbms.memory.pagecache.size'. It is replaced by 'server.memory.pagecache.size'.
2024-06-11 03:46:42.518+0000 WARN  Use of deprecated setting 'dbms.memory.heap.max_size'. It is replaced by 'server.memory.heap.max_size'.
2024-06-11 03:46:42.521+0000 INFO  Starting...
2024-06-11 03:46:43.492+0000 INFO  This instance is ServerId{5dd239fc} (5dd239fc-1190-4b45-ad44-15b028f0f444)
2024-06-11 03:46:44.772+0000 INFO  ======== Neo4j 5.20.0 ========
2024-06-11 03:46:47.092+0000 INFO  Anonymous Usage Data is being sent to Neo4j, see https://neo4j.com/docs/usage_data/
2024-06-11 03:46:47.128+0000 INFO  Bolt enabled on 0.0.0.0:7687.
2024-06-11 03:46:47.720+0000 INFO  HTTP enabled on 0.0.0.0:7474.
2024-06-11 03:46:47.723+0000 INFO  Remote interface available at http://localhost:7474/
2024-06-11 03:46:47.728+0000 INFO  id: AC10C90D66396ABC440CC2300B81163041CF0DCC8890AADDB6A0273B84F85394
2024-06-11 03:46:47.729+0000 INFO  name: system
2024-06-11 03:46:47.729+0000 INFO  creationDate: 2024-06-05T01:56:22.871Z
2024-06-11 03:46:47.730+0000 INFO  Started.
2024-06-11 03:53:15.917+0000 INFO  Neo4j Server shutdown initiated by request
2024-06-11 03:53:15.919+0000 INFO  Stopping...
2024-06-11 03:53:21.583+0000 INFO  Stopped.
2024-06-11 03:55:34.765+0000 INFO  Logging config in use: Embedded default config 'default-user-logs.xml'
2024-06-11 03:55:34.769+0000 WARN  Use of deprecated setting 'dbms.memory.pagecache.size'. It is replaced by 'server.memory.pagecache.size'.
2024-06-11 03:55:34.770+0000 WARN  Use of deprecated setting 'dbms.memory.heap.max_size'. It is replaced by 'server.memory.heap.max_size'.
2024-06-11 03:55:34.772+0000 INFO  Starting...
2024-06-11 03:55:35.995+0000 INFO  This instance is ServerId{5dd239fc} (5dd239fc-1190-4b45-ad44-15b028f0f444)
2024-06-11 03:55:37.234+0000 INFO  ======== Neo4j 5.20.0 ========
2024-06-11 03:55:40.146+0000 INFO  Anonymous Usage Data is being sent to Neo4j, see https://neo4j.com/docs/usage_data/
2024-06-11 03:55:40.184+0000 INFO  Bolt enabled on 0.0.0.0:7687.
2024-06-11 03:55:41.031+0000 INFO  HTTP enabled on 0.0.0.0:7474.
2024-06-11 03:55:41.033+0000 INFO  Remote interface available at http://localhost:7474/
2024-06-11 03:55:41.039+0000 INFO  id: AC10C90D66396ABC440CC2300B81163041CF0DCC8890AADDB6A0273B84F85394
2024-06-11 03:55:41.040+0000 INFO  name: system
2024-06-11 03:55:41.041+0000 INFO  creationDate: 2024-06-05T01:56:22.871Z
2024-06-11 03:55:41.042+0000 INFO  Started.
2024-06-11 03:58:13.831+0000 INFO  Neo4j Server shutdown initiated by request
2024-06-11 03:58:13.832+0000 INFO  Stopping...
2024-06-11 03:58:19.410+0000 INFO  Stopped.
2024-06-11 04:12:04.165+0000 INFO  Logging config in use: Embedded default config 'default-user-logs.xml'
2024-06-11 04:12:04.175+0000 WARN  Use of deprecated setting 'dbms.memory.pagecache.size'. It is replaced by 'server.memory.pagecache.size'.
2024-06-11 04:12:04.176+0000 WARN  Use of deprecated setting 'dbms.memory.heap.max_size'. It is replaced by 'server.memory.heap.max_size'.
2024-06-11 04:12:04.180+0000 INFO  Starting...
2024-06-11 04:12:05.853+0000 INFO  This instance is ServerId{5dd239fc} (5dd239fc-1190-4b45-ad44-15b028f0f444)
2024-06-11 04:12:07.610+0000 INFO  ======== Neo4j 5.20.0 ========
2024-06-11 04:12:11.098+0000 INFO  Anonymous Usage Data is being sent to Neo4j, see https://neo4j.com/docs/usage_data/
2024-06-11 04:12:11.148+0000 INFO  Bolt enabled on 0.0.0.0:7687.
2024-06-11 04:12:12.128+0000 INFO  HTTP enabled on 0.0.0.0:7474.
2024-06-11 04:12:12.129+0000 INFO  Remote interface available at http://localhost:7474/
2024-06-11 04:12:12.134+0000 INFO  id: AC10C90D66396ABC440CC2300B81163041CF0DCC8890AADDB6A0273B84F85394
2024-06-11 04:12:12.134+0000 INFO  name: system
2024-06-11 04:12:12.135+0000 INFO  creationDate: 2024-06-05T01:56:22.871Z
2024-06-11 04:12:12.136+0000 INFO  Started.
2024-06-11 05:06:16.122+0000 INFO  Neo4j Server shutdown initiated by request
2024-06-11 05:06:16.123+0000 INFO  Stopping...
2024-06-11 05:06:21.247+0000 INFO  Stopped.
2024-06-11 05:07:12.015+0000 INFO  Logging config in use: Embedded default config 'default-user-logs.xml'
2024-06-11 05:07:12.023+0000 WARN  Use of deprecated setting 'dbms.memory.pagecache.size'. It is replaced by 'server.memory.pagecache.size'.
2024-06-11 05:07:12.023+0000 WARN  Use of deprecated setting 'dbms.memory.heap.max_size'. It is replaced by 'server.memory.heap.max_size'.
2024-06-11 05:07:12.026+0000 INFO  Starting...
2024-06-11 05:07:13.315+0000 INFO  This instance is ServerId{5dd239fc} (5dd239fc-1190-4b45-ad44-15b028f0f444)
2024-06-11 05:07:14.468+0000 INFO  ======== Neo4j 5.20.0 ========
2024-06-11 05:07:17.881+0000 INFO  Anonymous Usage Data is being sent to Neo4j, see https://neo4j.com/docs/usage_data/
2024-06-11 05:07:17.932+0000 INFO  Bolt enabled on 0.0.0.0:7687.
2024-06-11 05:07:18.768+0000 INFO  HTTP enabled on 0.0.0.0:7474.
2024-06-11 05:07:18.769+0000 INFO  Remote interface available at http://localhost:7474/
2024-06-11 05:07:18.773+0000 INFO  id: AC10C90D66396ABC440CC2300B81163041CF0DCC8890AADDB6A0273B84F85394
2024-06-11 05:07:18.774+0000 INFO  name: system
2024-06-11 05:07:18.775+0000 INFO  creationDate: 2024-06-05T01:56:22.871Z
2024-06-11 05:07:18.776+0000 INFO  Started.
2024-06-12 02:31:27.497+0000 INFO  Logging config in use: Embedded default config 'default-user-logs.xml'
2024-06-12 02:31:27.509+0000 WARN  Use of deprecated setting 'dbms.memory.pagecache.size'. It is replaced by 'server.memory.pagecache.size'.
2024-06-12 02:31:27.510+0000 WARN  Use of deprecated setting 'dbms.memory.heap.max_size'. It is replaced by 'server.memory.heap.max_size'.
2024-06-12 02:31:27.513+0000 INFO  Starting...
2024-06-12 02:31:29.267+0000 INFO  This instance is ServerId{5dd239fc} (5dd239fc-1190-4b45-ad44-15b028f0f444)
2024-06-12 02:31:34.723+0000 INFO  ======== Neo4j 5.20.0 ========
2024-06-12 02:31:45.964+0000 INFO  Anonymous Usage Data is being sent to Neo4j, see https://neo4j.com/docs/usage_data/
2024-06-12 02:31:46.072+0000 INFO  Bolt enabled on 0.0.0.0:7687.
2024-06-12 02:31:48.132+0000 INFO  HTTP enabled on 0.0.0.0:7474.
2024-06-12 02:31:48.134+0000 INFO  Remote interface available at http://localhost:7474/
2024-06-12 02:31:48.145+0000 INFO  id: AC10C90D66396ABC440CC2300B81163041CF0DCC8890AADDB6A0273B84F85394
2024-06-12 02:31:48.147+0000 INFO  name: system
2024-06-12 02:31:48.147+0000 INFO  creationDate: 2024-06-05T01:56:22.871Z
2024-06-12 02:31:48.148+0000 INFO  Started.
2024-06-12 07:57:35.339+0000 INFO  Logging config in use: Embedded default config 'default-user-logs.xml'
2024-06-12 07:57:35.345+0000 WARN  Use of deprecated setting 'dbms.memory.pagecache.size'. It is replaced by 'server.memory.pagecache.size'.
2024-06-12 07:57:35.345+0000 WARN  Use of deprecated setting 'dbms.memory.heap.max_size'. It is replaced by 'server.memory.heap.max_size'.
2024-06-12 07:57:35.347+0000 INFO  Starting...
2024-06-12 07:57:36.495+0000 INFO  This instance is ServerId{5dd239fc} (5dd239fc-1190-4b45-ad44-15b028f0f444)
2024-06-12 07:57:38.259+0000 INFO  ======== Neo4j 5.20.0 ========
2024-06-12 07:57:46.736+0000 INFO  Anonymous Usage Data is being sent to Neo4j, see https://neo4j.com/docs/usage_data/
2024-06-12 07:57:46.949+0000 INFO  Bolt enabled on 0.0.0.0:7687.
2024-06-12 07:57:50.315+0000 INFO  HTTP enabled on 0.0.0.0:7474.
2024-06-12 07:57:50.317+0000 INFO  Remote interface available at http://localhost:7474/
2024-06-12 07:57:50.324+0000 INFO  id: AC10C90D66396ABC440CC2300B81163041CF0DCC8890AADDB6A0273B84F85394
2024-06-12 07:57:50.325+0000 INFO  name: system
2024-06-12 07:57:50.327+0000 INFO  creationDate: 2024-06-05T01:56:22.871Z
2024-06-12 07:57:50.328+0000 INFO  Started.
2024-06-12 08:28:27.884+0000 INFO  Neo4j Server shutdown initiated by request
2024-06-12 08:28:27.896+0000 INFO  Stopping...
2024-06-12 08:28:34.186+0000 INFO  Stopped.
2024-06-12 08:28:59.601+0000 INFO  Logging config in use: File '/var/lib/neo4j/conf/user-logs.xml'
2024-06-12 08:28:59.613+0000 WARN  Use of deprecated setting 'dbms.memory.pagecache.size'. It is replaced by 'server.memory.pagecache.size'.
2024-06-12 08:28:59.614+0000 WARN  Use of deprecated setting 'dbms.memory.heap.max_size'. It is replaced by 'server.memory.heap.max_size'.
2024-06-12 08:28:59.631+0000 INFO  Starting...
2024-06-12 08:29:01.130+0000 INFO  This instance is ServerId{659d84fe} (659d84fe-831d-4e6d-a585-024a7a558588)
2024-06-12 08:29:02.864+0000 INFO  ======== Neo4j 5.20.0 ========
2024-06-12 08:29:10.542+0000 INFO  Anonymous Usage Data is being sent to Neo4j, see https://neo4j.com/docs/usage_data/
2024-06-12 08:29:10.667+0000 INFO  Bolt enabled on 0.0.0.0:7687.
2024-06-12 08:29:12.519+0000 INFO  HTTP enabled on 0.0.0.0:7474.
2024-06-12 08:29:12.523+0000 INFO  Remote interface available at http://localhost:7474/
2024-06-12 08:29:12.541+0000 INFO  id: 9B4156FF92E63B2015D61E917F8789C5A29D5B007C5BFD52ADF7F11AC13182E4
2024-06-12 08:29:12.543+0000 INFO  name: system
2024-06-12 08:29:12.544+0000 INFO  creationDate: 2024-06-12T08:29:05.526Z
2024-06-12 08:29:12.545+0000 INFO  Started.
2024-06-13 02:03:41.425+0000 INFO  Logging config in use: File '/var/lib/neo4j/conf/user-logs.xml'
2024-06-13 02:03:41.534+0000 WARN  Use of deprecated setting 'dbms.memory.pagecache.size'. It is replaced by 'server.memory.pagecache.size'.
2024-06-13 02:03:41.535+0000 WARN  Use of deprecated setting 'dbms.memory.heap.max_size'. It is replaced by 'server.memory.heap.max_size'.
2024-06-13 02:03:41.803+0000 INFO  Starting...
2024-06-13 02:03:51.172+0000 INFO  This instance is ServerId{659d84fe} (659d84fe-831d-4e6d-a585-024a7a558588)
2024-06-13 02:04:01.845+0000 INFO  ======== Neo4j 5.20.0 ========
2024-06-13 02:04:10.793+0000 INFO  Anonymous Usage Data is being sent to Neo4j, see https://neo4j.com/docs/usage_data/
2024-06-13 02:04:10.952+0000 INFO  Bolt enabled on 0.0.0.0:7687.
2024-06-13 02:04:13.095+0000 INFO  HTTP enabled on 0.0.0.0:7474.
2024-06-13 02:04:13.115+0000 INFO  Remote interface available at http://localhost:7474/
2024-06-13 02:04:13.126+0000 INFO  id: 9B4156FF92E63B2015D61E917F8789C5A29D5B007C5BFD52ADF7F11AC13182E4
2024-06-13 02:04:13.127+0000 INFO  name: system
2024-06-13 02:04:13.131+0000 INFO  creationDate: 2024-06-12T08:29:05.526Z
2024-06-13 02:04:13.133+0000 INFO  Started.
2024-06-13 13:23:28.966+0000 INFO  Logging config in use: File '/var/lib/neo4j/conf/user-logs.xml'
2024-06-13 13:23:28.979+0000 WARN  Use of deprecated setting 'dbms.memory.pagecache.size'. It is replaced by 'server.memory.pagecache.size'.
2024-06-13 13:23:28.979+0000 WARN  Use of deprecated setting 'dbms.memory.heap.max_size'. It is replaced by 'server.memory.heap.max_size'.
2024-06-13 13:23:29.014+0000 INFO  Starting...
2024-06-13 13:23:33.439+0000 INFO  This instance is ServerId{659d84fe} (659d84fe-831d-4e6d-a585-024a7a558588)
2024-06-13 13:23:38.893+0000 INFO  ======== Neo4j 5.20.0 ========
2024-06-13 13:23:48.722+0000 INFO  Anonymous Usage Data is being sent to Neo4j, see https://neo4j.com/docs/usage_data/
2024-06-13 13:23:48.788+0000 INFO  Bolt enabled on 0.0.0.0:7687.
2024-06-13 13:23:50.441+0000 INFO  HTTP enabled on 0.0.0.0:7474.
2024-06-13 13:23:50.444+0000 INFO  Remote interface available at http://localhost:7474/
2024-06-13 13:23:50.450+0000 INFO  id: 9B4156FF92E63B2015D61E917F8789C5A29D5B007C5BFD52ADF7F11AC13182E4
2024-06-13 13:23:50.452+0000 INFO  name: system
2024-06-13 13:23:50.453+0000 INFO  creationDate: 2024-06-12T08:29:05.526Z
2024-06-13 13:23:50.454+0000 INFO  Started.
2024-06-13 16:40:04.757+0000 INFO  Neo4j Server shutdown initiated by request
2024-06-13 16:40:04.813+0000 INFO  Stopping...
2024-06-13 16:40:11.069+0000 INFO  Stopped.
